574 4243 238
1679 34464 311
509 3084 217
33711 794846 509
4803 996336 525
7799 756810 509
140 964 179
3930 774196 509
499 8352 262
681 3982 238
6676 904923 525
77 4216 238
2357 37555 324
8501 49248 324
4734 195261 383
2757 272809 443
763 8847 262
96335 168992 383
1230 57430 340
75428 999499 525
1039 829771 509
7983 14664 276
1485 46738 324
1925 65413 340
9823 67837 340
293 5920 238
591 1970 182
556 8447 262
80041 635112 509
27711 31595 285
2492 59960 340
79912 79913 170
3621 953109 525
85011 789127 509
537 5140 238
794 938 179
701 1898 182
7500 666806 509
2797 875472 525
5256 20929 279
8778 8778 141
61552 435460 449
3423 760555 509
598 781565 509
63535 158422 383
4270 50546 324
9827 13597 276
651 6606 262
5673 362992 443
5992 79444 351
53388 609280 470
3822 50772 324
1235 36922 324
125682 46636 354
476357 87950 449
9893 710 262
19861 848925 525
1617 17224 276
75641 558959 470
8826 770836 509
5562 339 238
81455 881114 525
3091 33323 308
9303 85601 351
7381 130747 354
1057 760065 509
3622 371901 443
811 4422 238
16391 115739 354
1 1 1
1179 49011 324
2864 733024 509
900 8818 262
831 4810 238
80297 935198 525
235 401 144
8621 403643 443
34329 797828 509
94 3405 217
203 253209 443
9412 46397 324
8024 293320 443
130 8149 262
7442 87223 351
1122 1122 45
736 5687 238
856 4726 238
20227 687880 509
43174 275408 443
92364 634116 509
7868 14211 276
28583 556284 470
1 999999 525
321 58 131
992 3405 217
426 8209 262
1971 79254 351
74788 583592 470
2865 447684 449
4393 56415 340
